AppShuttle/proguard/seeds.txt
lab.davidahn.appshuttle.AppShuttleApplication
lab.davidahn.appshuttle.AppShuttleApplication: AppShuttleApplication()
lab.davidahn.appshuttle.AppShuttleMainService
lab.davidahn.appshuttle.AppShuttleMainService: AppShuttleMainService()
lab.davidahn.appshuttle.BootCompletedReceiver
lab.davidahn.appshuttle.BootCompletedReceiver: BootCompletedReceiver()
lab.davidahn.appshuttle.PackageRemovedReceiver
lab.davidahn.appshuttle.PackageRemovedReceiver: PackageRemovedReceiver()
lab.davidahn.appshuttle.PackageReplacedReceiver
lab.davidahn.appshuttle.PackageReplacedReceiver: PackageReplacedReceiver()
lab.davidahn.appshuttle.R$color: int Indigo
lab.davidahn.appshuttle.R$color: int Semi_indigo
lab.davidahn.appshuttle.R$color: int White
lab.davidahn.appshuttle.R$dimen: int activity_horizontal_margin
lab.davidahn.appshuttle.R$dimen: int activity_vertical_margin
lab.davidahn.appshuttle.R$dimen: int notibar_bhv_area_width
lab.davidahn.appshuttle.R$dimen: int notibar_icon_area_width
lab.davidahn.appshuttle.R$dimen: int notibar_text_size
lab.davidahn.appshuttle.R$drawable: int appshuttle
lab.davidahn.appshuttle.R$drawable: int call
lab.davidahn.appshuttle.R$drawable: int favorite
lab.davidahn.appshuttle.R$drawable: int ic_launcher
lab.davidahn.appshuttle.R$drawable: int ignore
lab.davidahn.appshuttle.R$drawable: int notifiable
lab.davidahn.appshuttle.R$drawable: int notifiable_dark
lab.davidahn.appshuttle.R$drawable: int predicted
lab.davidahn.appshuttle.R$drawable: int refresh
lab.davidahn.appshuttle.R$drawable: int settings
lab.davidahn.appshuttle.R$drawable: int wifi
lab.davidahn.appshuttle.R$id: int action_settings
lab.davidahn.appshuttle.R$id: int actionbarmenu
lab.davidahn.appshuttle.R$id: int block
lab.davidahn.appshuttle.R$id: int favorate
lab.davidahn.appshuttle.R$id: int favorite_notify
lab.davidahn.appshuttle.R$id: int favorite_unnotify
lab.davidahn.appshuttle.R$id: int listview_item_firstline
lab.davidahn.appshuttle.R$id: int listview_item_image
lab.davidahn.appshuttle.R$id: int listview_item_image_rightside
lab.davidahn.appshuttle.R$id: int listview_item_secondline
lab.davidahn.appshuttle.R$id: int noti_elem
lab.davidahn.appshuttle.R$id: int noti_elem_icon
lab.davidahn.appshuttle.R$id: int noti_elem_text
lab.davidahn.appshuttle.R$id: int noti_favorite_container
lab.davidahn.appshuttle.R$id: int noti_icon
lab.davidahn.appshuttle.R$id: int noti_present_container
lab.davidahn.appshuttle.R$id: int pager
lab.davidahn.appshuttle.R$id: int preferences
lab.davidahn.appshuttle.R$id: int progress
lab.davidahn.appshuttle.R$id: int refresh
lab.davidahn.appshuttle.R$id: int unblock
lab.davidahn.appshuttle.R$id: int unfavorite
lab.davidahn.appshuttle.R$layout: int actionbarlayout
lab.davidahn.appshuttle.R$layout: int fragment_pager
lab.davidahn.appshuttle.R$layout: int listview_item
lab.davidahn.appshuttle.R$layout: int notibar
lab.davidahn.appshuttle.R$layout: int notibar_element
lab.davidahn.appshuttle.R$layout: int notibar_no_result
lab.davidahn.appshuttle.R$menu: int actionbarmenu
lab.davidahn.appshuttle.R$menu: int blocked_actionmode
lab.davidahn.appshuttle.R$menu: int main
lab.davidahn.appshuttle.R$menu: int notifiable_favorite_actionmode
lab.davidahn.appshuttle.R$menu: int present_actionmode
lab.davidahn.appshuttle.R$menu: int unnotifiable_favorite_actionmode
...
android.support.v4.app.Fragment$SavedState
android.support.v4.app.Fragment$SavedState: android.os.Parcelable$Creator CREATOR
android.support.v4.app.FragmentManagerState
android.support.v4.app.FragmentManagerState: android.os.Parcelable$Creator CREATOR
android.support.v4.app.FragmentState
android.support.v4.app.FragmentState: android.os.Parcelable$Creator CREATOR
android.support.v4.app.FragmentTabHost: void setOnTabChangedListener(android.widget.TabHost$OnTabChangeListener)
android.support.v4.app.FragmentTabHost$SavedState
android.support.v4.app.FragmentTabHost$SavedState: android.os.Parcelable$Creator CREATOR
android.support.v4.content.ModernAsyncTask$Status: android.support.v4.content.ModernAsyncTask$Status PENDING
android.support.v4.content.ModernAsyncTask$Status: android.support.v4.content.ModernAsyncTask$Status RUNNING
android.support.v4.content.ModernAsyncTask$Status: android.support.v4.content.ModernAsyncTask$Status FINISHED
android.support.v4.content.ModernAsyncTask$Status: android.support.v4.content.ModernAsyncTask$Status[] $VALUES
android.support.v4.content.ModernAsyncTask$Status: android.support.v4.content.ModernAsyncTask$Status[] values()
android.support.v4.content.ModernAsyncTask$Status: android.support.v4.content.ModernAsyncTask$Status valueOf(java.lang.String)
android.support.v4.content.ModernAsyncTask$Status: ModernAsyncTask$Status(java.lang.String,int)
android.support.v4.content.ModernAsyncTask$Status: void <clinit>()
android.support.v4.view.PagerAdapter: android.database.DataSetObservable mObservable
android.support.v4.view.PagerAdapter: int POSITION_UNCHANGED
android.support.v4.view.PagerAdapter: int POSITION_NONE
android.support.v4.view.PagerAdapter: PagerAdapter()
android.support.v4.view.PagerAdapter: int getCount()
android.support.v4.view.PagerAdapter: void startUpdate(android.view.ViewGroup)
android.support.v4.view.PagerAdapter: java.lang.Object instantiateItem(android.view.ViewGroup,int)
android.support.v4.view.PagerAdapter: void destroyItem(android.view.ViewGroup,int,java.lang.Object)
android.support.v4.view.PagerAdapter: void setPrimaryItem(android.view.ViewGroup,int,java.lang.Object)
android.support.v4.view.PagerAdapter: void finishUpdate(android.view.ViewGroup)
android.support.v4.view.PagerAdapter: void startUpdate(android.view.View)
android.support.v4.view.PagerAdapter: java.lang.Object instantiateItem(android.view.View,int)
android.support.v4.view.PagerAdapter: void destroyItem(android.view.View,int,java.lang.Object)
android.support.v4.view.PagerAdapter: void setPrimaryItem(android.view.View,int,java.lang.Object)
android.support.v4.view.PagerAdapter: void finishUpdate(android.view.View)
android.support.v4.view.PagerAdapter: boolean isViewFromObject(android.view.View,java.lang.Object)
android.support.v4.view.PagerAdapter: android.os.Parcelable saveState()
android.support.v4.view.PagerAdapter: void restoreState(android.os.Parcelable,java.lang.ClassLoader)
android.support.v4.view.PagerTabStrip: void setTabIndicatorColor(int)
android.support.v4.view.PagerTabStrip: void setTabIndicatorColorResource(int)
android.support.v4.view.PagerTabStrip: int getTabIndicatorColor()
android.support.v4.view.PagerTabStrip: void setTextSpacing(int)
android.support.v4.view.PagerTabStrip: void setBackgroundDrawable(android.graphics.drawable.Drawable)
android.support.v4.view.PagerTabStrip: void setBackgroundColor(int)
android.support.v4.view.PagerTabStrip: void setBackgroundResource(int)
android.support.v4.view.PagerTabStrip: void setDrawFullUnderline(boolean)
android.support.v4.view.PagerTabStrip: boolean getDrawFullUnderline()
android.support.v4.view.PagerTabStrip: int getMinHeight()