AppShuttle/proguard/mapping.txt
lab.davidahn.appshuttle.AppShuttleApplication -> lab.davidahn.appshuttle.AppShuttleApplication:
    lab.davidahn.appshuttle.AppShuttleApplication instance -> g
    long launchTime -> a
    java.util.Map durationUserBhvBuilderMap -> b
    long lastPredictionTime -> c
    lab.davidahn.appshuttle.collect.SnapshotUserCxt currUserCxt -> d
    java.util.Map recentPresentBhvs -> e
    int numFavoriteNotifiable -> f
    void onCreate() -> onCreate
    lab.davidahn.appshuttle.AppShuttleApplication getContext() -> a
    android.content.SharedPreferences getPreferences() -> b
lab.davidahn.appshuttle.AppShuttleDBHelper -> lab.davidahn.appshuttle.a:
    java.lang.String DB_NAME -> a
    lab.davidahn.appshuttle.AppShuttleDBHelper dbHelper -> b
    lab.davidahn.appshuttle.AppShuttleDBHelper getInstance() -> a
    void onCreate(android.database.sqlite.SQLiteDatabase) -> onCreate
    void onUpgrade(android.database.sqlite.SQLiteDatabase,int,int) -> onUpgrade
lab.davidahn.appshuttle.AppShuttleMainService -> lab.davidahn.appshuttle.AppShuttleMainService:
    android.app.AlarmManager alarmManager -> f
    android.content.SharedPreferences preferenceSettings -> g
    android.app.PendingIntent collectionOperation -> h
    android.app.PendingIntent predictionOperation -> i
    android.app.PendingIntent compactionOperation -> j
    android.content.BroadcastReceiver screenOnReceiver -> a
    android.content.BroadcastReceiver screenOffReceiver -> b
    android.content.BroadcastReceiver predictReceiver -> c
    android.content.BroadcastReceiver tryPredictReceiver -> d
    android.content.BroadcastReceiver screenOrientationReceiver -> e
    void onCreate() -> onCreate
    void startPeriodicCollection() -> a
    void startPeriodicCompaction() -> b
    void registerReceivers() -> c
    void tryPrediction() -> d
    void doPrediction() -> e
    void startPeriodicPrediction() -> f
    long getExecuteTimeHour(int) -> a
    int onStartCommand(android.content.Intent,int,int) -> onStartCommand
    android.os.IBinder onBind(android.content.Intent) -> onBind
    void onDestroy() -> onDestroy
    void access$0(lab.davidahn.appshuttle.AppShuttleMainService) -> a
    void access$1(lab.davidahn.appshuttle.AppShuttleMainService) -> b
    android.app.AlarmManager access$2(lab.davidahn.appshuttle.AppShuttleMainService) -> c
    android.app.PendingIntent access$3(lab.davidahn.appshuttle.AppShuttleMainService) -> d
lab.davidahn.appshuttle.AppShuttleMainService$1 -> lab.davidahn.appshuttle.b:
    lab.davidahn.appshuttle.AppShuttleMainService this$0 -> a
    void onReceive(android.content.Context,android.content.Intent) -> onReceive
lab.davidahn.appshuttle.AppShuttleMainService$2 -> lab.davidahn.appshuttle.c:
    lab.davidahn.appshuttle.AppShuttleMainService this$0 -> a
    void onReceive(android.content.Context,android.content.Intent) -> onReceive
lab.davidahn.appshuttle.AppShuttleMainService$3 -> lab.davidahn.appshuttle.d:
    lab.davidahn.appshuttle.AppShuttleMainService this$0 -> a
    void onReceive(android.content.Context,android.content.Intent) -> onReceive
lab.davidahn.appshuttle.AppShuttleMainService$4 -> lab.davidahn.appshuttle.e:
    lab.davidahn.appshuttle.AppShuttleMainService this$0 -> a
    void onReceive(android.content.Context,android.content.Intent) -> onReceive
lab.davidahn.appshuttle.AppShuttleMainService$5 -> lab.davidahn.appshuttle.f:
    lab.davidahn.appshuttle.AppShuttleMainService this$0 -> a
    void onReceive(android.content.Context,android.content.Intent) -> onReceive
lab.davidahn.appshuttle.AppShuttlePreferences -> lab.davidahn.appshuttle.g:
    void setDefaultPreferences() -> a
lab.davidahn.appshuttle.BootCompletedReceiver -> lab.davidahn.appshuttle.BootCompletedReceiver:
    void onReceive(android.content.Context,android.content.Intent) -> onReceive
lab.davidahn.appshuttle.PackageRemovedReceiver -> lab.davidahn.appshuttle.PackageRemovedReceiver:
    void onReceive(android.content.Context,android.content.Intent) -> onReceive
...
android.support.v4.widget.ViewDragHelper$Callback -> android.support.v4.widget.g$a:
    void onViewDragStateChanged(int) -> a
    void onViewPositionChanged(android.view.View,int,int,int,int) -> a
    void onViewCaptured(android.view.View,int) -> b
    void onViewReleased(android.view.View,float,float) -> a
    void onEdgeTouched(int,int) -> a
    boolean onEdgeLock(int) -> b
    void onEdgeDragStarted(int,int) -> b
    int getOrderedChildIndex(int) -> c
    int getViewHorizontalDragRange(android.view.View) -> a
    int getViewVerticalDragRange(android.view.View) -> b
    boolean tryCaptureView(android.view.View,int) -> a
    int clampViewPositionHorizontal(android.view.View,int,int) -> a
    int clampViewPositionVertical(android.view.View,int,int) -> b
biz.source_code.base64Coder.Base64Coder -> a.a.a.a:
    java.lang.String systemLineSeparator -> a
    char[] map1 -> b
    byte[] map2 -> c
    byte[] decode(java.lang.String) -> a
    byte[] decode(char[]) -> a
    byte[] decode(char[],int,int) -> a
com.bugsense.trace.BugSense -> com.a.a.a:
    java.util.concurrent.ExecutorService executor -> a
    java.util.concurrent.ExecutorService getExecutor() -> a
    void showUpgradeNotification(android.content.Context,java.lang.String) -> a
com.bugsense.trace.BugSenseHandler -> com.a.a.b:
    boolean I_WANT_TO_DEBUG -> a
    android.content.SharedPreferences preferences -> e
    android.content.SharedPreferences$Editor editor -> f
    com.bugsense.trace.ExceptionCallback exceptionCallback -> g
    boolean isSessionActive -> h
    java.lang.String locTicker -> b
    java.lang.String locTitle -> c
    java.lang.String locText -> d
    java.util.HashMap crashExtraData -> i
    void initAndStartSession(android.content.Context,java.lang.String) -> a
    com.bugsense.trace.ExceptionCallback getCallback() -> a
    void startSession(android.content.Context) -> a
    void flush(android.content.Context) -> b
    void installHandler() -> e
    java.util.HashMap getCrashExtraData() -> b
    android.content.SharedPreferences access$002(android.content.SharedPreferences) -> a
    android.content.SharedPreferences$Editor access$102(android.content.SharedPreferences$Editor) -> a
    android.content.SharedPreferences access$000() -> c
    android.content.SharedPreferences$Editor access$100() -> d
com.bugsense.trace.BugSenseHandler$1 -> com.a.a.c:
    android.content.Context val$context -> a
    void run() -> run
com.bugsense.trace.CrashMechanism -> com.a.a.d:
    com.bugsense.trace.CrashMechanism instance -> a
    com.bugsense.trace.CrashMechanism getInstance() -> a
    void sendSavedCrashes() -> b
    java.lang.String createJSONFromCrash(java.lang.String,int,int,int,java.lang.String[],java.lang.String,java.util.Map,java.util.Map,int,long,java.util.Map) -> a
    void transmitCrashASync(java.lang.String,int) -> a
    boolean transmitCrashSync(java.lang.String,int) -> d
    void saveFixNotification(java.lang.String) -> a
    void saveCrash(java.lang.String,int) -> b
    java.lang.String getBreadcrumbsLine(java.util.ArrayList) -> a
    java.lang.String getClass(java.lang.String) -> b
    boolean access$000(java.lang.String,int) -> c
com.bugsense.trace.CrashMechanism$1 -> com.a.a.e:
    com.bugsense.trace.CrashMechanism this$0 -> a
    void run() -> run
com.bugsense.trace.CrashMechanism$1$1 -> com.a.a.f:
    com.bugsense.trace.CrashMechanism$1 this$1 -> a
    boolean accept(java.io.File,java.lang.String) -> accept
com.bugsense.trace.CrashMechanism$1$2 -> com.a.a.g:
    com.bugsense.trace.CrashMechanism$1 this$1 -> a
    boolean accept(java.io.File,java.lang.String) -> accept
com.bugsense.trace.CrashMechanism$2 -> com.a.a.h:
    java.lang.String val$jsonCrashData -> a
    int val$type -> b
    void run() -> run
com.bugsense.trace.CrashMechanism$3 -> com.a.a.i:
    java.lang.String val$line -> a
    void run() -> run
com.bugsense.trace.CrashMechanism$4 -> com.a.a.j:
    int val$type -> a
    java.lang.String val$jsonCrashData -> b
    void run() -> run