AppShuttle/proguard/usage.txt
lab.davidahn.appshuttle.AppShuttleDBHelper:
    private static final int DB_VERSION
lab.davidahn.appshuttle.AppShuttlePreferences:
    6:6:public AppShuttlePreferences()
lab.davidahn.appshuttle.BuildConfig
lab.davidahn.appshuttle.R
lab.davidahn.appshuttle.R$attr
lab.davidahn.appshuttle.R$color
lab.davidahn.appshuttle.R$dimen
lab.davidahn.appshuttle.R$drawable
lab.davidahn.appshuttle.R$id
lab.davidahn.appshuttle.R$layout
lab.davidahn.appshuttle.R$menu
lab.davidahn.appshuttle.R$string
lab.davidahn.appshuttle.R$style
lab.davidahn.appshuttle.R$xml
lab.davidahn.appshuttle.collect.SnapshotUserCxt:
    25:30:public SnapshotUserCxt(java.util.Date,java.util.TimeZone)
    55:56:public void setUserEnvs(java.util.Map)
    62:63:public void addUserBhv(lab.davidahn.appshuttle.collect.bhv.BaseUserBhv)
lab.davidahn.appshuttle.collect.bhv.AppBhvCollector:
    87:93:private java.util.List getInstalledAppList(boolean)
lab.davidahn.appshuttle.collect.bhv.BaseUserBhv:
    40:41:public void setBhvType(lab.davidahn.appshuttle.collect.bhv.UserBhvType)
    50:51:public void setBhvName(java.lang.String)
lab.davidahn.appshuttle.collect.bhv.DurationUserBhv:
    26:27:public void setBhvType(lab.davidahn.appshuttle.collect.bhv.UserBhvType)
    34:35:public void setBhvName(java.lang.String)
    42:43:public void setMeta(java.lang.String,java.lang.Object)
lab.davidahn.appshuttle.collect.bhv.DurationUserBhvDao:
    39:64:public java.util.List retrieve(long,long)
    68:73:public void delete(java.util.Date,java.util.Date)
lab.davidahn.appshuttle.collect.bhv.UserBhv:
    public abstract void setBhvType(lab.davidahn.appshuttle.collect.bhv.UserBhvType)
    public abstract void setBhvName(java.lang.String)
    public abstract void setMeta(java.lang.String,java.lang.Object)
lab.davidahn.appshuttle.collect.env.BaseEnvSensor:
    public abstract boolean isChanged()
lab.davidahn.appshuttle.collect.env.DurationUserEnv:
    34:35:public void setDuration(long)
    47:48:public void setTimeZone(java.util.TimeZone)
    53:54:public void setEnvType(lab.davidahn.appshuttle.collect.env.EnvType)
    59:60:public void setUserEnv(lab.davidahn.appshuttle.collect.env.UserEnv)
lab.davidahn.appshuttle.collect.env.DurationUserEnv$Builder:
    131:131:public lab.davidahn.appshuttle.collect.env.UserEnv getUserEnv()
lab.davidahn.appshuttle.collect.env.DurationUserEnvDao:
    165:169:public void deleteBetween(java.util.Date,java.util.Date)
lab.davidahn.appshuttle.collect.env.DurationUserEnvManager:
    94:95:public void deleteAllBetween(java.util.Date,java.util.Date)
lab.davidahn.appshuttle.collect.env.EnvSensor:
    public abstract boolean isChanged()
lab.davidahn.appshuttle.collect.env.InvalidUserEnvException:
    private static final long serialVersionUID
lab.davidahn.appshuttle.collect.env.SpeedEnvSensor:
    66:70:public boolean isChanged()
lab.davidahn.appshuttle.predict.PredictionInfo:
    38:38:public java.util.TimeZone getTimeZone()
    42:42:public java.util.Map getUserEnvMap()
    46:46:public lab.davidahn.appshuttle.collect.env.UserEnv getUserEnv(lab.davidahn.appshuttle.collect.env.EnvType)
    50:50:public lab.davidahn.appshuttle.collect.bhv.UserBhv getUserBhv()
    58:58:public lab.davidahn.appshuttle.predict.matchergroup.MatcherGroupResult getMatcherGroupResult(lab.davidahn.appshuttle.predict.matchergroup.MatcherGroupType)
lab.davidahn.appshuttle.predict.matcher.DailyWeekdayTimeMatcher:
    private static final long INTERVAL_WEEK
lab.davidahn.appshuttle.predict.matcher.DailyWeekendTimeMatcher:
    private static final long INTERVAL_WEEK
lab.davidahn.appshuttle.predict.matcher.LocationPositionMatcher
lab.davidahn.appshuttle.predict.matcher.MatcherCountUnit:
    29:29:public lab.davidahn.appshuttle.collect.bhv.UserBhv getUBhv()
    41:41:public java.util.Map getProperties()
...
com.google.gson.stream.JsonWriter:
    462:468:public com.google.gson.stream.JsonWriter value(double)
com.google.gson.stream.MalformedJsonException:
    private static final long serialVersionUID
    33:37:public MalformedJsonException(java.lang.String,java.lang.Throwable)
    39:43:public MalformedJsonException(java.lang.Throwable)
com.sun.activation.registries.LineTokenizer:
    private static final java.lang.String singles
    330:331:public void pushToken(java.lang.String)
com.sun.activation.registries.LogSupport:
    66:68:private LogSupport()
com.sun.activation.registries.MailcapTokenizer:
    public static final int UNKNOWN_TOKEN
    public static final int START_TOKEN
    public static final int STRING_TOKEN
    public static final int EOI_TOKEN
    public static final int SLASH_TOKEN
    public static final int SEMICOLON_TOKEN
    public static final int EQUALS_TOKEN
    94:94:public int getCurrentToken()
com.sun.activation.registries.MimeTypeEntry:
    59:59:public java.lang.String getFileExtension()
com.sun.mail.iap.AString
com.sun.mail.iap.Argument
com.sun.mail.iap.Atom
com.sun.mail.iap.BadCommandException
com.sun.mail.iap.ByteArray
com.sun.mail.iap.CommandFailedException
com.sun.mail.iap.ConnectionException
com.sun.mail.iap.Literal
com.sun.mail.iap.LiteralException
com.sun.mail.iap.ParsingException
com.sun.mail.iap.Protocol
com.sun.mail.iap.ProtocolException
com.sun.mail.iap.Response
com.sun.mail.iap.ResponseHandler
com.sun.mail.iap.ResponseInputStream
com.sun.mail.imap.ACL
com.sun.mail.imap.AppendUID
com.sun.mail.imap.DefaultFolder
com.sun.mail.imap.DefaultFolder$1
com.sun.mail.imap.DefaultFolder$2
com.sun.mail.imap.IMAPBodyPart
com.sun.mail.imap.IMAPFolder
com.sun.mail.imap.IMAPFolder$1
com.sun.mail.imap.IMAPFolder$10
com.sun.mail.imap.IMAPFolder$11
com.sun.mail.imap.IMAPFolder$12
com.sun.mail.imap.IMAPFolder$13
com.sun.mail.imap.IMAPFolder$14
com.sun.mail.imap.IMAPFolder$15
com.sun.mail.imap.IMAPFolder$16
com.sun.mail.imap.IMAPFolder$17
com.sun.mail.imap.IMAPFolder$18
com.sun.mail.imap.IMAPFolder$19
com.sun.mail.imap.IMAPFolder$2
com.sun.mail.imap.IMAPFolder$3
com.sun.mail.imap.IMAPFolder$4
com.sun.mail.imap.IMAPFolder$5
com.sun.mail.imap.IMAPFolder$6
com.sun.mail.imap.IMAPFolder$7
com.sun.mail.imap.IMAPFolder$8
com.sun.mail.imap.IMAPFolder$9
com.sun.mail.imap.IMAPFolder$FetchProfileItem
com.sun.mail.imap.IMAPFolder$ProtocolCommand
com.sun.mail.imap.IMAPInputStream
com.sun.mail.imap.IMAPMessage
com.sun.mail.imap.IMAPMessage$1FetchProfileCondition
com.sun.mail.imap.IMAPMultipartDataSource
com.sun.mail.imap.IMAPNestedMessage
com.sun.mail.imap.IMAPSSLStore
com.sun.mail.imap.IMAPStore
com.sun.mail.imap.IMAPStore$ConnectionPool
com.sun.mail.imap.LengthCounter
com.sun.mail.imap.MessageLiteral
com.sun.mail.imap.Rights
com.sun.mail.imap.Rights$Right
com.sun.mail.imap.Utility
com.sun.mail.imap.Utility$Condition
com.sun.mail.imap.protocol.BASE64MailboxDecoder
com.sun.mail.imap.protocol.BASE64MailboxEncoder
com.sun.mail.imap.protocol.BODY
com.sun.mail.imap.protocol.BODYSTRUCTURE
com.sun.mail.imap.protocol.ENVELOPE
com.sun.mail.imap.protocol.FLAGS
com.sun.mail.imap.protocol.FetchResponse
com.sun.mail.imap.protocol.IMAPAddress
com.sun.mail.imap.protocol.IMAPProtocol
com.sun.mail.imap.protocol.IMAPResponse
com.sun.mail.imap.protocol.IMAPSaslAuthenticator
com.sun.mail.imap.protocol.IMAPSaslAuthenticator$1
com.sun.mail.imap.protocol.INTERNALDATE
com.sun.mail.imap.protocol.Item
com.sun.mail.imap.protocol.ListInfo
com.sun.mail.imap.protocol.MailboxInfo
com.sun.mail.imap.protocol.MessageSet
com.sun.mail.imap.protocol.Namespaces
com.sun.mail.imap.protocol.Namespaces$Namespace
com.sun.mail.imap.protocol.RFC822DATA
com.sun.mail.imap.protocol.RFC822SIZE
com.sun.mail.imap.protocol.SaslAuthenticator
com.sun.mail.imap.protocol.SearchSequence
com.sun.mail.imap.protocol.Status
com.sun.mail.imap.protocol.UID
com.sun.mail.imap.protocol.UIDSet
com.sun.mail.pop3.DefaultFolder
com.sun.mail.pop3.POP3Folder
com.sun.mail.pop3.POP3Message